<?xml version="1.0" encoding="UTF-8"?>
<!-- Generated by org.testng.reporters.JUnitReportReporter -->
<testsuite hostname="USE2DEVP5065" failures="0" tests="1" name="fasSikuli.sikuliTest.FAS" time="260.812" errors="0" timestamp="2023-05-17T10:27:33 GMT" skipped="0">
  <testcase classname="fasSikuli.sikuliTest.FAS" name="FasIncomeTestcaseBDBrowser" time="260.812"/>
  <system-out/>
</testsuite> <!-- fasSikuli.sikuliTest.FAS -->
