<?xml version="1.0" encoding="UTF-8"?>
<!-- Generated by org.testng.reporters.JUnitReportReporter -->
<testsuite hostname="USE2DEVP5065" failures="0" tests="2" name="fasSikuli.sikuliTest.FASDEMO" time="311.023" errors="0" timestamp="2023-05-15T06:24:24 GMT" skipped="0">
  <testcase classname="fasSikuli.sikuliTest.FASDEMO" name="FASAddingAnAssetThroughToolbar" time="177.124"/>
  <system-out/>
  <testcase classname="fasSikuli.sikuliTest.FASDEMO" name="FasIncomeTestcasess" time="133.899"/>
  <system-out/>
</testsuite> <!-- fasSikuli.sikuliTest.FASDEMO -->
