<?xml version="1.0" encoding="UTF-8"?>
<!-- Generated by org.testng.reporters.JUnitReportReporter -->
<testsuite hostname="USE2DEVP5065" failures="0" tests="2" name="fasSikuli.sikuliTest.FAS" time="298.527" errors="0" timestamp="2023-05-11T08:18:38 GMT" skipped="0">
  <testcase classname="fasSikuli.sikuliTest.FAS" name="FasIncomeTestcasess" time="116.848"/>
  <system-out/>
  <testcase classname="fasSikuli.sikuliTest.FAS" name="FASAddingAnAssetThroughToolbar" time="181.679"/>
  <system-out/>
</testsuite> <!-- fasSikuli.sikuliTest.FAS -->
