<?xml version="1.0" encoding="UTF-8"?>
<!-- Generated by org.testng.reporters.JUnitReportReporter -->
<testsuite hostname="USE2DEVP4560" failures="0" tests="110" name="zCalcSikuli.sikuliTest.Zclac" time="9870.895" errors="1" timestamp="2023-04-05T16:57:23 GMT" skipped="0">
  <testcase classname="zCalcSikuli.sikuliTest.Zclac" name="VerifyingtheCustomizeMoveUptheselectedpagetoexportbasedonCategoryoptioninExportsettings" time="62.925"/>
  <system-out/>
  <testcase classname="zCalcSikuli.sikuliTest.Zclac" name="VerifyingAlllistedPlannerslist" time="53.956"/>
  <system-out/>
  <testcase classname="zCalcSikuli.sikuliTest.Zclac" name="NewCaseFromTheToolBar" time="37.563"/>
  <system-out/>
  <testcase classname="zCalcSikuli.sikuliTest.Zclac" name="ValidateOpenCasefromtheToolbarbutton" time="51.890"/>
  <system-out/>
  <testcase classname="zCalcSikuli.sikuliTest.Zclac" name="VerifyingAllthelistedPlanners" time="56.701"/>
  <system-out/>
  <testcase classname="zCalcSikuli.sikuliTest.Zclac" name="PrintfromtheToolBar" time="73.012"/>
  <system-out/>
  <testcase classname="zCalcSikuli.sikuliTest.Zclac" name="VerifyingChartiablePlanningListedPlanners" time="45.054"/>
  <system-out/>
  <testcase classname="zCalcSikuli.sikuliTest.Zclac" name="NavigationtotheLastPlannerfromViewMenu" time="55.302"/>
  <system-out/>
  <testcase classname="zCalcSikuli.sikuliTest.Zclac" name="NavigationtotheNextPageusingForwardbuttononToolbar" time="46.592"/>
  <system-out/>
  <testcase classname="zCalcSikuli.sikuliTest.Zclac" name="HelpFilelaunchfromMenu" time="32.603"/>
  <system-out/>
  <testcase classname="zCalcSikuli.sikuliTest.Zclac" name="VerifyingtheSaveworkbook" time="113.722"/>
  <system-out/>
  <testcase classname="zCalcSikuli.sikuliTest.Zclac" name="ZoomDialogOptionsverify" time="56.795"/>
  <system-out/>
  <testcase classname="zCalcSikuli.sikuliTest.Zclac" name="NavigationtothenextpagefromMenu" time="49.704"/>
  <system-out/>
  <testcase classname="zCalcSikuli.sikuliTest.Zclac" name="VerifyingEstatePlanningPresentationsLists" time="55.444"/>
  <system-out/>
  <testcase classname="zCalcSikuli.sikuliTest.Zclac" name="VerifyingtheUnprotectSheet" time="61.339"/>
  <system-out/>
  <testcase classname="zCalcSikuli.sikuliTest.Zclac" name="SaveClientCaseFromTheMenu" time="82.794"/>
  <system-out/>
  <testcase classname="zCalcSikuli.sikuliTest.Zclac" name="CheckForUpdatesfromMenuPrerequsiteApplicationtoregisters" time="23.286">
    <error message="FindFailed: C:\Z-CALC\Apr 3rd,2023\zCalc_Automation\src\test\resources\Images\Commonimages\minimize.PNG: (35x24) in R[0,0 1366x768]@S(0)
  Line 2222, in file Region.java
" type="java.lang.Exception">
      <![CDATA[java.lang.Exception: FindFailed: C:\Z-CALC\Apr 3rd,2023\zCalc_Automation\src\test\resources\Images\Commonimages\minimize.PNG: (35x24) in R[0,0 1366x768]@S(0)
  Line 2222, in file Region.java

at zCalcSikuli.sikuliTest.Zclac.CheckForUpdatesfromMenuPrerequsiteApplicationtoregisters(Zclac.java:11958)
at java.base/jdk.internal.reflect.NativeMethodAccessorImpl.invoke0(Native Method)
at java.base/jdk.internal.reflect.NativeMethodAccessorImpl.invoke(NativeMethodAccessorImpl.java:78)
at java.base/jdk.internal.reflect.DelegatingMethodAccessorImpl.invoke(DelegatingMethodAccessorImpl.java:43)
at java.base/java.lang.reflect.Method.invoke(Method.java:567)
at org.testng.internal.MethodInvocationHelper.invokeMethod(MethodInvocationHelper.java:133)
at org.testng.internal.TestInvoker.invokeMethod(TestInvoker.java:598)
at org.testng.internal.TestInvoker.invokeTestMethod(TestInvoker.java:173)
at org.testng.internal.MethodRunner.runInSequence(MethodRunner.java:46)
at org.testng.internal.TestInvoker$MethodInvocationAgent.invoke(TestInvoker.java:824)
at org.testng.internal.TestInvoker.invokeTestMethods(TestInvoker.java:146)
at org.testng.internal.TestMethodWorker.invokeTestMethods(TestMethodWorker.java:146)
at org.testng.internal.TestMethodWorker.run(TestMethodWorker.java:128)
at java.base/java.util.ArrayList.forEach(ArrayList.java:1511)
at org.testng.TestRunner.privateRun(TestRunner.java:794)
at org.testng.TestRunner.run(TestRunner.java:596)
at org.testng.SuiteRunner.runTest(SuiteRunner.java:377)
at org.testng.SuiteRunner.runSequentially(SuiteRunner.java:371)
at org.testng.SuiteRunner.privateRun(SuiteRunner.java:332)
at org.testng.SuiteRunner.run(SuiteRunner.java:276)
at org.testng.SuiteRunnerWorker.runSuite(SuiteRunnerWorker.java:53)
at org.testng.SuiteRunnerWorker.run(SuiteRunnerWorker.java:96)
at org.testng.TestNG.runSuitesSequentially(TestNG.java:1212)
at org.testng.TestNG.runSuitesLocally(TestNG.java:1134)
at org.testng.TestNG.runSuites(TestNG.java:1063)
at org.testng.TestNG.run(TestNG.java:1031)
at org.testng.remote.AbstractRemoteTestNG.run(AbstractRemoteTestNG.java:115)
at org.testng.remote.RemoteTestNG.initAndRun(RemoteTestNG.java:251)
at org.testng.remote.RemoteTestNG.main(RemoteTestNG.java:77)
Caused by: FindFailed: C:\Z-CALC\Apr 3rd,2023\zCalc_Automation\src\test\resources\Images\Commonimages\minimize.PNG: (35x24) in R[0,0 1366x768]@S(0)
  Line 2222, in file Region.java

at org.sikuli.script.Region.wait(Region.java:2222)
at org.sikuli.script.Region.wait(Region.java:2240)
at org.sikuli.script.Region.getLocationFromTarget(Region.java:3188)
at org.sikuli.script.Region.click(Region.java:3806)
at org.sikuli.script.Region.click(Region.java:3782)
at zCalcSikuli.sikuliTest.Zclac.CheckForUpdatesfromMenuPrerequsiteApplicationtoregisters(Zclac.java:11940)
... 28 more
]]>
    </error>
  </testcase> <!-- CheckForUpdatesfromMenuPrerequsiteApplicationtoregisters -->
  <system-out/>
  <testcase classname="zCalcSikuli.sikuliTest.Zclac" name="VerifyingtheSyncRatewithDateoptioninCharitableLeadUnitTrustplanner" time="48.412"/>
  <system-out/>
  <testcase classname="zCalcSikuli.sikuliTest.Zclac" name="VerifyFileMenuItemsAfterAPlannerCalculatorIsOpen" time="39.138"/>
  <system-out/>
  <testcase classname="zCalcSikuli.sikuliTest.Zclac" name="VerifyingTheCustomizeAddTheSelectedPageBasedOnCategoryOptionInExportSettings" time="100.503"/>
  <system-out/>
  <testcase classname="zCalcSikuli.sikuliTest.Zclac" name="UpdatingthedefaultpathsinGeneraltabofUserSettingsdialog" time="45.831"/>
  <system-out/>
  <testcase classname="zCalcSikuli.sikuliTest.Zclac" name="VerifyingTheAvailableTabsInTheUserSettings" time="28.554"/>
  <system-out/>
  <testcase classname="zCalcSikuli.sikuliTest.Zclac" name="ValidateCaseListfromtheToolBar" time="43.878"/>
  <system-out/>
  <testcase classname="zCalcSikuli.sikuliTest.Zclac" name="NavigationtotheInputsfromMenu" time="43.060"/>
  <system-out/>
  <testcase classname="zCalcSikuli.sikuliTest.Zclac" name="VerifyingthedefaultExportsettings" time="33.949"/>
  <system-out/>
  <testcase classname="zCalcSikuli.sikuliTest.Zclac" name="VerifyingTheCustomizeDeleteTheExportSETInExportsettings" time="126.940"/>
  <system-out/>
  <testcase classname="zCalcSikuli.sikuliTest.Zclac" name="ZoomDialogThroughToolBar" time="39.005"/>
  <system-out/>
  <testcase classname="zCalcSikuli.sikuliTest.Zclac" name="NavigationtotheLastPlannerfromToolBar" time="52.902"/>
  <system-out/>
  <testcase classname="zCalcSikuli.sikuliTest.Zclac" name="VerifyingtheCustomizeoptioninExportsettings" time="48.312"/>
  <system-out/>
  <testcase classname="zCalcSikuli.sikuliTest.Zclac" name="ValidateOpentheexistingclientfromMenu" time="9.032"/>
  <system-out/>
  <testcase classname="zCalcSikuli.sikuliTest.Zclac" name="VerifyingthedefaultPresentationsvalueofUserSettingsdialog" time="27.247"/>
  <system-out/>
  <testcase classname="zCalcSikuli.sikuliTest.Zclac" name="UpdatingTheDefaultHeadersFootersValuesOfUserSettingsDialog" time="33.460"/>
  <system-out/>
  <testcase classname="zCalcSikuli.sikuliTest.Zclac" name="HelpApplicationNotes" time="30.900"/>
  <system-out/>
  <testcase classname="zCalcSikuli.sikuliTest.Zclac" name="ToolBar1HomePagenaviation" time="28.741"/>
  <system-out/>
  <testcase classname="zCalcSikuli.sikuliTest.Zclac" name="VerifyViewMenuItemsAfterClientOpen" time="21.491"/>
  <system-out/>
  <testcase classname="zCalcSikuli.sikuliTest.Zclac" name="ValidateOpentheexistingclientfromToolBar" time="21.629"/>
  <system-out/>
  <testcase classname="zCalcSikuli.sikuliTest.Zclac" name="AboutzCalcToolBox" time="14.270"/>
  <system-out/>
  <testcase classname="zCalcSikuli.sikuliTest.Zclac" name="VerifyToolsmenuitemafteraplannercalculatorisopen" time="40.136"/>
  <system-out/>
  <testcase classname="zCalcSikuli.sikuliTest.Zclac" name="VerifyingThe7520RatesDailog" time="37.761"/>
  <system-out/>
  <testcase classname="zCalcSikuli.sikuliTest.Zclac" name="ValidateNewCaseFromTheMenuVerifyAvailability" time="13.742"/>
  <system-out/>
  <testcase classname="zCalcSikuli.sikuliTest.Zclac" name="SaveClientCaseFromTheToolBar" time="84.248"/>
  <system-out/>
  <testcase classname="zCalcSikuli.sikuliTest.Zclac" name="ValidateSaveclientAsfromthemenu" time="65.410"/>
  <system-out/>
  <testcase classname="zCalcSikuli.sikuliTest.Zclac" name="PrintPreviewFromTheToolbar" time="50.226"/>
  <system-out/>
  <testcase classname="zCalcSikuli.sikuliTest.Zclac" name="ValidateViewMenuHomePageNavigation" time="28.531"/>
  <system-out/>
  <testcase classname="zCalcSikuli.sikuliTest.Zclac" name="VerifyingTheCustomizeMoveDownTheSelectedPageToExportBasedOnCategoryOptionInExportSettings" time="110.274"/>
  <system-out/>
  <testcase classname="zCalcSikuli.sikuliTest.Zclac" name="VerifyingtheSaveworkbookCancelchanges" time="77.210"/>
  <system-out/>
  <testcase classname="zCalcSikuli.sikuliTest.Zclac" name="VerifyingTheApplicableExclusionAmountToUseInEstatePlanScenarioForCurrentYear2023AndAllStates" time="420.773"/>
  <system-out/>
  <testcase classname="zCalcSikuli.sikuliTest.Zclac" name="VerifyingtheSyncRatewithDateoptioninQualifiedPersonalResidenceTrustplanner" time="48.449"/>
  <system-out/>
  <testcase classname="zCalcSikuli.sikuliTest.Zclac" name="NewCaseFromTheMenu" time="48.819"/>
  <system-out/>
  <testcase classname="zCalcSikuli.sikuliTest.Zclac" name="ValidateNewCaseFromTheToolBarVerifyAvailability" time="10.229"/>
  <system-out/>
  <testcase classname="zCalcSikuli.sikuliTest.Zclac" name="VerifyingtheApplicableExclusionAmountinInterRelatedCharitableDeductionCalculatorforLastYearandallSitus" time="434.994"/>
  <system-out/>
  <testcase classname="zCalcSikuli.sikuliTest.Zclac" name="VerifyingTheApplicableExclusionAmountInCreditShelterCalculatorForTheCurrentYear2023AndAllSitus" time="428.059"/>
  <system-out/>
  <testcase classname="zCalcSikuli.sikuliTest.Zclac" name="NavigationToTheNextPagefromMenu" time="38.520"/>
  <system-out/>
  <testcase classname="zCalcSikuli.sikuliTest.Zclac" name="UnRegisterPreRequisiteApplicationunRegister" time="16.672"/>
  <system-out/>
  <testcase classname="zCalcSikuli.sikuliTest.Zclac" name="VerifyingTheCustomizeOpenTheExportSETInExportSettings" time="135.553"/>
  <system-out/>
  <testcase classname="zCalcSikuli.sikuliTest.Zclac" name="VerifyingtheSyncRatewithDateoptioninPrivateAnnuityplanner" time="48.521"/>
  <system-out/>
  <testcase classname="zCalcSikuli.sikuliTest.Zclac" name="NavigationtotheNextPageusingBackwardbuttononToolbar" time="42.683"/>
  <system-out/>
  <testcase classname="zCalcSikuli.sikuliTest.Zclac" name="VerifyingTheHeadersFootersValuesOfUserSettingsDialog" time="73.074"/>
  <system-out/>
  <testcase classname="zCalcSikuli.sikuliTest.Zclac" name="ValidateOpenCasefromtheMenu" time="55.787"/>
  <system-out/>
  <testcase classname="zCalcSikuli.sikuliTest.Zclac" name="VerifyHelpmenuitemsafterclientopenandApplicationUnRegistered" time="16.650"/>
  <system-out/>
  <testcase classname="zCalcSikuli.sikuliTest.Zclac" name="VerifyingTheCustomizeSaveTheExportSETInExportsettings" time="136.497"/>
  <system-out/>
  <testcase classname="zCalcSikuli.sikuliTest.Zclac" name="NavigationtotheInputsfromToolBar" time="45.346"/>
  <system-out/>
  <testcase classname="zCalcSikuli.sikuliTest.Zclac" name="RunThePresentaions" time="54.285"/>
  <system-out/>
  <testcase classname="zCalcSikuli.sikuliTest.Zclac" name="VerifyingQualifiedPlansAndIRAsListedPresentationsLists" time="32.105"/>
  <system-out/>
  <testcase classname="zCalcSikuli.sikuliTest.Zclac" name="VerifyingTheCustomizeCategoryOptionInExportSettings" time="86.923"/>
  <system-out/>
  <testcase classname="zCalcSikuli.sikuliTest.Zclac" name="VerifyingTheCustomizeEDITExportSETInExportsettings" time="144.399"/>
  <system-out/>
  <testcase classname="zCalcSikuli.sikuliTest.Zclac" name="VerifyViewMenuItemsAfterAPlannerCalculatorIsOpen" time="33.927"/>
  <system-out/>
  <testcase classname="zCalcSikuli.sikuliTest.Zclac" name="VerifyingTheApplicableExclusionAmountInInterMaritalDeductionCalculatorForCurrentYear2023AndAllSitus" time="431.790"/>
  <system-out/>
  <testcase classname="zCalcSikuli.sikuliTest.Zclac" name="VerifyInputsItemsAfterClientOpen" time="21.734"/>
  <system-out/>
  <testcase classname="zCalcSikuli.sikuliTest.Zclac" name="VerifytoolBaritemsafterclientopen" time="16.771"/>
  <system-out/>
  <testcase classname="zCalcSikuli.sikuliTest.Zclac" name="ValidateNewClientCreationfromMenus" time="73.005"/>
  <system-out/>
  <testcase classname="zCalcSikuli.sikuliTest.Zclac" name="VerifyingAllTheListedPlanners" time="62.215"/>
  <system-out/>
  <testcase classname="zCalcSikuli.sikuliTest.Zclac" name="VerifyFileMenuItemsAfterClientOpen" time="21.860"/>
  <system-out/>
  <testcase classname="zCalcSikuli.sikuliTest.Zclac" name="HelpFilelaunchfromToolBar1Button" time="32.573"/>
  <system-out/>
  <testcase classname="zCalcSikuli.sikuliTest.Zclac" name="VerifyingAllTheListedPresentationsLists" time="56.758"/>
  <system-out/>
  <testcase classname="zCalcSikuli.sikuliTest.Zclac" name="ZoomDialogUsingMenuOption" time="51.108"/>
  <system-out/>
  <testcase classname="zCalcSikuli.sikuliTest.Zclac" name="VerifyingTheCustomizeAddAllPagesBasedOnCategoryOptionInExportSettings" time="109.407"/>
  <system-out/>
  <testcase classname="zCalcSikuli.sikuliTest.Zclac" name="ValidateSaveCaseAsfromthemenus" time="53.166"/>
  <system-out/>
  <testcase classname="zCalcSikuli.sikuliTest.Zclac" name="VerifyingtheSyncRatewithDateoptioninCharitableRemainderAnnityTrustplanner" time="48.447"/>
  <system-out/>
  <testcase classname="zCalcSikuli.sikuliTest.Zclac" name="VerifyToolsMenuItemsAfterClientOpen" time="24.612"/>
  <system-out/>
  <testcase classname="zCalcSikuli.sikuliTest.Zclac" name="CaseListfromthemenu" time="135.201"/>
  <system-out/>
  <testcase classname="zCalcSikuli.sikuliTest.Zclac" name="ModifyingasProtectingthesheetafterupdatingthelabels" time="68.857"/>
  <system-out/>
  <testcase classname="zCalcSikuli.sikuliTest.Zclac" name="VerifyingtheSyncRatewithDateoptioninCharitableLeadAnnuityTrustplanner" time="48.497"/>
  <system-out/>
  <testcase classname="zCalcSikuli.sikuliTest.Zclac" name="ValidateSaveCaseAsfromthemenu" time="155.259"/>
  <system-out/>
  <testcase classname="zCalcSikuli.sikuliTest.Zclac" name="VerifyingtheCustomizeRemoveAllpagebasedonCategoryoptioninExportsettings" time="53.120"/>
  <system-out/>
  <testcase classname="zCalcSikuli.sikuliTest.Zclac" name="VerifyingTheSyncRateWithDateOptionInCharitableGiftAnnuityTrustPlanner" time="48.378"/>
  <system-out/>
  <testcase classname="zCalcSikuli.sikuliTest.Zclac" name="VerifyingtheApplicableExclusionAmountinIntermaritalDeductionCalculatorforLastYearandAllSitus" time="431.915"/>
  <system-out/>
  <testcase classname="zCalcSikuli.sikuliTest.Zclac" name="VerifyingthedefaultpathsinGeneraltabofUserSettingsdialog" time="22.317"/>
  <system-out/>
  <testcase classname="zCalcSikuli.sikuliTest.Zclac" name="VerifyingTheCustomizeCreateNEWExportSETInExportSettings" time="135.764"/>
  <system-out/>
  <testcase classname="zCalcSikuli.sikuliTest.Zclac" name="VerifyingtheExportallpagessettings" time="42.810"/>
  <system-out/>
  <testcase classname="zCalcSikuli.sikuliTest.Zclac" name="VerifyingTheCustomizeAvailablePagesBasedOnCatergoryOptionInExportSettings" time="97.511"/>
  <system-out/>
  <testcase classname="zCalcSikuli.sikuliTest.Zclac" name="PrintfromtheMenu" time="74.864"/>
  <system-out/>
  <testcase classname="zCalcSikuli.sikuliTest.Zclac" name="VerifyingtheApplicableExclusionAmountinEstateTaxCalculatorForLastYearandAllsitus" time="430.224"/>
  <system-out/>
  <testcase classname="zCalcSikuli.sikuliTest.Zclac" name="VerifyingCharitablePlanningthelistedPresentationsLists" time="59.684"/>
  <system-out/>
  <testcase classname="zCalcSikuli.sikuliTest.Zclac" name="VerifyingtheAppendtoExistingFileinExportsettings" time="81.597"/>
  <system-out/>
  <testcase classname="zCalcSikuli.sikuliTest.Zclac" name="VerifyingtheCustomizeRemoveselectedpagebasedonCategoryoptioninExportsettings" time="63.185"/>
  <system-out/>
  <testcase classname="zCalcSikuli.sikuliTest.Zclac" name="VerifyingtheApplicableExclusionAmountinIntermaritalDeductionCalculatorS" time="435.511"/>
  <system-out/>
  <testcase classname="zCalcSikuli.sikuliTest.Zclac" name="VerifyingtheSyncRatewithDateoptioninCharitableRemainderUnitrustplanner" time="53.266"/>
  <system-out/>
  <testcase classname="zCalcSikuli.sikuliTest.Zclac" name="VerifyingTheApplicableExclusionAmountInEstateTaxCalculatorForCurrentYear2023AndAllSitus" time="429.865"/>
  <system-out/>
  <testcase classname="zCalcSikuli.sikuliTest.Zclac" name="NavigationtothenextpagefromMenuLinkedPresentation" time="49.954"/>
  <system-out/>
  <testcase classname="zCalcSikuli.sikuliTest.Zclac" name="UpdatingthedefaultPresentationsvaluesofUserSettingsdialog" time="68.912"/>
  <system-out/>
  <testcase classname="zCalcSikuli.sikuliTest.Zclac" name="ExportingtheUpdatedsheetafterUnprotecting" time="111.836"/>
  <system-out/>
  <testcase classname="zCalcSikuli.sikuliTest.Zclac" name="VerifyingTheDefaultHeadersFootersValuuesOfUserSettingsDialog" time="22.120"/>
  <system-out/>
  <testcase classname="zCalcSikuli.sikuliTest.Zclac" name="VerifyingTheDefaultValuesInGiftTaxPlanner" time="30.358"/>
  <system-out/>
  <testcase classname="zCalcSikuli.sikuliTest.Zclac" name="VerifyingTheApplicableExclusionAmountToUseInEstatePlanScenarioBasedOnSitusAndYears" time="422.844"/>
  <system-out/>
  <testcase classname="zCalcSikuli.sikuliTest.Zclac" name="ZcalcExit" time="35.869"/>
  <system-out/>
  <testcase classname="zCalcSikuli.sikuliTest.Zclac" name="ValidateNewClientCreationfromToolBar" time="83.929"/>
  <system-out/>
  <testcase classname="zCalcSikuli.sikuliTest.Zclac" name="VerifyingTheSyncRateWithDateOptionInSelfCancellingInstallmentNotePlanner" time="48.395"/>
  <system-out/>
  <testcase classname="zCalcSikuli.sikuliTest.Zclac" name="VerifyingTheApplicableExclusionAmountInInterRelatedCharitableDeductionCalculatorForCurrentYear2023AndAllSitus" time="432.896"/>
  <system-out/>
  <testcase classname="zCalcSikuli.sikuliTest.Zclac" name="VerifyToolBarItemsAfterAPlannerCalculatorIsOpen" time="36.772"/>
  <system-out/>
</testsuite> <!-- zCalcSikuli.sikuliTest.Zclac -->
