<?xml version="1.0" encoding="UTF-8"?>
<!-- Generated by org.testng.reporters.JUnitReportReporter -->
<testsuite hostname="USE2DEVP4560" failures="0" tests="2" name="fasSikuli.sikuliTest.FASDEMO" time="313.107" errors="0" timestamp="2023-05-18T05:54:22 GMT" skipped="0">
  <testcase classname="fasSikuli.sikuliTest.FASDEMO" name="FasIncomeTestcasess" time="139.894"/>
  <system-out/>
  <testcase classname="fasSikuli.sikuliTest.FASDEMO" name="FASAddingAnAssetThroughToolbar" time="173.213"/>
  <system-out/>
</testsuite> <!-- fasSikuli.sikuliTest.FASDEMO -->
