<?xml version="1.0" encoding="UTF-8"?>
<!-- Generated by org.testng.reporters.JUnitReportReporter -->
<testsuite hostname="USE2DEVP4560" failures="0" tests="1" name="fasSikuli.sikuliTest.FAS" time="223.849" errors="0" timestamp="2023-05-18T05:26:55 GMT" skipped="0">
  <testcase classname="fasSikuli.sikuliTest.FAS" name="FasIncomeTestcaseATsaleTransaction" time="223.849"/>
  <system-out/>
</testsuite> <!-- fasSikuli.sikuliTest.FAS -->
